<?xml version="1.0" encoding="UTF-8"?>
<testsuite xmlns:xsi="http://www.w3.org/2001/XMLSchema-instance" xsi:noNamespaceSchemaLocation="https://maven.apache.org/surefire/maven-surefire-plugin/xsd/surefire-test-report-3.0.xsd" version="3.0" name="com.example.workflow.ApiIntegrationTest" time="1.083" tests="2" errors="0" skipped="0" failures="0">
  <properties>
[...]
</properties>
  <testcase name="testWorkflowApi" classname="com.example.workflow.ApiIntegrationTest" time="0.406">
    <system-out><![CDATA[12:57:49.019 [main] INFO org.springframework.test.context.support.AnnotationConfigContextLoaderUtils -- Could not detect default configuration classes for test class [com.example.workflow.ApiIntegrationTest]: ApiIntegrationTest does not declare any static, non-private, non-final, nested classes annotated with @Configuration.
12:57:49.052 [main] INFO org.springframework.boot.test.context.SpringBootTestContextBootstrapper -- Found @SpringBootConfiguration com.example.workflow.WorkflowApiApplication for test class com.example.workflow.ApiIntegrationTest

  .   ____          _            __ _ _
 /\\ / ___'_ __ _ _(_)_ __  __ _ \ \ \ \
( ( )\___ | '_ | '_| | '_ \/ _` | \ \ \ \
 \\/  ___)| |_)| | | | | || (_| |  ) ) ) )
  '  |____| .__|_| |_|_| |_\__, | / / / /
 =========|_|==============|___/=/_/_/_/
 :: Spring Boot ::                (v3.2.6)

2025-05-17T12:57:49.161+09:00  INFO 47460 --- [           main] c.example.workflow.ApiIntegrationTest    : Starting ApiIntegrationTest using Java 23.0.2 with PID 47460 (started by songfei in /Users/songfei/Develop/github.com/songfei1983/play-spring-boot/workflow-api)
2025-05-17T12:57:49.161+09:00  INFO 47460 --- [           main] c.example.workflow.ApiIntegrationTest    : No active profile set, falling back to 1 default profile: "default"
2025-05-17T12:57:49.454+09:00  INFO 47460 --- [           main] o.s.b.w.embedded.tomcat.TomcatWebServer  : Tomcat initialized with port 0 (http)
2025-05-17T12:57:49.458+09:00  INFO 47460 --- [           main] o.apache.catalina.core.StandardService   : Starting service [Tomcat]
2025-05-17T12:57:49.459+09:00  INFO 47460 --- [           main] o.apache.catalina.core.StandardEngine    : Starting Servlet engine: [Apache Tomcat/10.1.24]
2025-05-17T12:57:49.474+09:00  INFO 47460 --- [           main] o.a.c.c.C.[Tomcat].[localhost].[/]       : Initializing Spring embedded WebApplicationContext
2025-05-17T12:57:49.474+09:00  INFO 47460 --- [           main] w.s.c.ServletWebServerApplicationContext : Root WebApplicationContext: initialization completed in 307 ms
2025-05-17T12:57:49.512+09:00  WARN 47460 --- [           main] .s.s.UserDetailsServiceAutoConfiguration : 

Using generated security password: 135e301d-5708-49a6-a89b-4671920b546e

This generated password is for development use only. Your security configuration must be updated before running your application in production.

2025-05-17T12:57:49.574+09:00  INFO 47460 --- [           main] o.s.s.web.DefaultSecurityFilterChain     : Will secure any request with [org.springframework.security.web.session.DisableEncodeUrlFilter@5ac53c06, org.springframework.security.web.context.request.async.WebAsyncManagerIntegrationFilter@54af3cb9, org.springframework.security.web.context.SecurityContextHolderFilter@15639d09, org.springframework.security.web.header.HeaderWriterFilter@4c731956, org.springframework.web.filter.CorsFilter@236fdf, org.springframework.security.web.authentication.logout.LogoutFilter@58f31629, com.example.workflow.security.ApiKeyAuthFilter@45b15381, org.springframework.security.web.savedrequest.RequestCacheAwareFilter@52bd9a27, org.springframework.security.web.servletapi.SecurityContextHolderAwareRequestFilter@611e5819, org.springframework.security.web.authentication.AnonymousAuthenticationFilter@16e99306, org.springframework.security.web.session.SessionManagementFilter@7455dacb, org.springframework.security.web.access.ExceptionTranslationFilter@5b35c7d, org.springframework.security.web.access.intercept.AuthorizationFilter@6f1c3f18]
2025-05-17T12:57:49.628+09:00  INFO 47460 --- [           main] o.s.b.w.embedded.tomcat.TomcatWebServer  : Tomcat started on port 62070 (http) with context path ''
2025-05-17T12:57:49.631+09:00  INFO 47460 --- [           main] c.example.workflow.ApiIntegrationTest    : Started ApiIntegrationTest in 0.54 seconds (process running for 0.845)
2025-05-17T12:57:49.986+09:00  INFO 47460 --- [o-auto-1-exec-1] o.a.c.c.C.[Tomcat].[localhost].[/]       : Initializing Spring DispatcherServlet 'dispatcherServlet'
2025-05-17T12:57:49.986+09:00  INFO 47460 --- [o-auto-1-exec-1] o.s.web.servlet.DispatcherServlet        : Initializing Servlet 'dispatcherServlet'
2025-05-17T12:57:49.987+09:00  INFO 47460 --- [o-auto-1-exec-1] o.s.web.servlet.DispatcherServlet        : Completed initialization in 1 ms
]]></system-out>
    <system-err><![CDATA[WARNING: A Java agent has been loaded dynamically (/Users/songfei/.m2/repository/net/bytebuddy/byte-buddy-agent/1.14.16/byte-buddy-agent-1.14.16.jar)
WARNING: If a serviceability tool is in use, please run with -XX:+EnableDynamicAgentLoading to hide this warning
WARNING: If a serviceability tool is not in use, please run with -Djdk.instrument.traceUsage for more information
WARNING: Dynamic loading of agents will be disallowed by default in a future release
]]></system-err>
  </testcase>
  <testcase name="testApiKeyGenerate" classname="com.example.workflow.ApiIntegrationTest" time="0.003"/>
</testsuite>